Analysis & Synthesis report for DE1_SoC
Wed Apr 09 12:03:47 2025
Quartus Prime Version 17.0.0 Build 595 04/25/2017 SJ Lite Edition


---------------------
; Table of Contents ;
---------------------
  1. Legal Notice
  2. Analysis & Synthesis Summary
  3. Analysis & Synthesis Settings
  4. Parallel Compilation
  5. Analysis & Synthesis Source Files Read
  6. Analysis & Synthesis Resource Usage Summary
  7. Analysis & Synthesis Resource Utilization by Entity
  8. General Register Statistics
  9. Post-Synthesis Netlist Statistics for Top Partition
 10. Elapsed Time Per Partition
 11. Analysis & Synthesis Messages
 12. Analysis & Synthesis Suppressed Messages



----------------
; Legal Notice ;
----------------
Copyright (C) 2017  Intel Corporation. All rights reserved.
Your use of Intel Corporation's design tools, logic functions 
and other software and tools, and its AMPP partner logic 
functions, and any output files from any of the foregoing 
(including device programming or simulation files), and any 
associated documentation or information are expressly subject 
to the terms and conditions of the Intel Program License 
Subscription Agreement, the Intel Quartus Prime License Agreement,
the Intel MegaCore Function License Agreement, or other 
applicable license agreement, including, without limitation, 
that your use is for the sole purpose of programming logic 
devices manufactured by Intel and sold by Intel or its 
authorized distributors.  Please refer to the applicable 
agreement for further details.



+-------------------------------------------------------------------------------+
; Analysis & Synthesis Summary                                                  ;
+---------------------------------+---------------------------------------------+
; Analysis & Synthesis Status     ; Successful - Wed Apr 09 12:03:47 2025       ;
; Quartus Prime Version           ; 17.0.0 Build 595 04/25/2017 SJ Lite Edition ;
; Revision Name                   ; DE1_SoC                                     ;
; Top-level Entity Name           ; DE1_SoC                                     ;
; Family                          ; Cyclone V                                   ;
; Logic utilization (in ALMs)     ; N/A                                         ;
; Total registers                 ; 0                                           ;
; Total pins                      ; 89                                          ;
; Total virtual pins              ; 0                                           ;
; Total block memory bits         ; 0                                           ;
; Total DSP Blocks                ; 0                                           ;
; Total HSSI RX PCSs              ; 0                                           ;
; Total HSSI PMA RX Deserializers ; 0                                           ;
; Total HSSI TX PCSs              ; 0                                           ;
; Total HSSI PMA TX Serializers   ; 0                                           ;
; Total PLLs                      ; 0                                           ;
; Total DLLs                      ; 0                                           ;
+---------------------------------+---------------------------------------------+


+---------------------------------------------------------------------------------------------------------------------------+
; Analysis & Synthesis Settings                                                                                             ;
+---------------------------------------------------------------------------------+--------------------+--------------------+
; Option                                                                          ; Setting            ; Default Value      ;
+---------------------------------------------------------------------------------+--------------------+--------------------+
; Device                                                                          ; 5CGXFC7C7F23C8     ;                    ;
; Top-level entity name                                                           ; DE1_SoC            ; DE1_SoC            ;
; Family name                                                                     ; Cyclone V          ; Cyclone V          ;
; Use smart compilation                                                           ; Off                ; Off                ;
; Enable parallel Assembler and TimeQuest Timing Analyzer during compilation      ; On                 ; On                 ;
; Enable compact report table                                                     ; Off                ; Off                ;
; Restructure Multiplexers                                                        ; Auto               ; Auto               ;
; MLAB Add Timing Constraints For Mixed-Port Feed-Through Mode Setting Don't Care ; Off                ; Off                ;
; Create Debugging Nodes for IP Cores                                             ; Off                ; Off                ;
; Preserve fewer node names                                                       ; On                 ; On                 ;
; OpenCore Plus hardware evaluation                                               ; Enable             ; Enable             ;
; Verilog Version                                                                 ; Verilog_2001       ; Verilog_2001       ;
; VHDL Version                                                                    ; VHDL_1993          ; VHDL_1993          ;
; State Machine Processing                                                        ; Auto               ; Auto               ;
; Safe State Machine                                                              ; Off                ; Off                ;
; Extract Verilog State Machines                                                  ; On                 ; On                 ;
; Extract VHDL State Machines                                                     ; On                 ; On                 ;
; Ignore Verilog initial constructs                                               ; Off                ; Off                ;
; Iteration limit for constant Verilog loops                                      ; 5000               ; 5000               ;
; Iteration limit for non-constant Verilog loops                                  ; 250                ; 250                ;
; Add Pass-Through Logic to Inferred RAMs                                         ; On                 ; On                 ;
; Infer RAMs from Raw Logic                                                       ; On                 ; On                 ;
; Parallel Synthesis                                                              ; On                 ; On                 ;
; DSP Block Balancing                                                             ; Auto               ; Auto               ;
; NOT Gate Push-Back                                                              ; On                 ; On                 ;
; Power-Up Don't Care                                                             ; On                 ; On                 ;
; Remove Redundant Logic Cells                                                    ; Off                ; Off                ;
; Remove Duplicate Registers                                                      ; On                 ; On                 ;
; Ignore CARRY Buffers                                                            ; Off                ; Off                ;
; Ignore CASCADE Buffers                                                          ; Off                ; Off                ;
; Ignore GLOBAL Buffers                                                           ; Off                ; Off                ;
; Ignore ROW GLOBAL Buffers                                                       ; Off                ; Off                ;
; Ignore LCELL Buffers                                                            ; Off                ; Off                ;
; Ignore SOFT Buffers                                                             ; On                 ; On                 ;
; Limit AHDL Integers to 32 Bits                                                  ; Off                ; Off                ;
; Optimization Technique                                                          ; Balanced           ; Balanced           ;
; Carry Chain Length                                                              ; 70                 ; 70                 ;
; Auto Carry Chains                                                               ; On                 ; On                 ;
; Auto Open-Drain Pins                                                            ; On                 ; On                 ;
; Perform WYSIWYG Primitive Resynthesis                                           ; Off                ; Off                ;
; Auto ROM Replacement                                                            ; On                 ; On                 ;
; Auto RAM Replacement                                                            ; On                 ; On                 ;
; Auto DSP Block Replacement                                                      ; On                 ; On                 ;
; Auto Shift Register Replacement                                                 ; Auto               ; Auto               ;
; Allow Shift Register Merging across Hierarchies                                 ; Auto               ; Auto               ;
; Auto Clock Enable Replacement                                                   ; On                 ; On                 ;
; Strict RAM Replacement                                                          ; Off                ; Off                ;
; Allow Synchronous Control Signals                                               ; On                 ; On                 ;
; Force Use of Synchronous Clear Signals                                          ; Off                ; Off                ;
; Auto Resource Sharing                                                           ; Off                ; Off                ;
; Allow Any RAM Size For Recognition                                              ; Off                ; Off                ;
; Allow Any ROM Size For Recognition                                              ; Off                ; Off                ;
; Allow Any Shift Register Size For Recognition                                   ; Off                ; Off                ;
; Use LogicLock Constraints during Resource Balancing                             ; On                 ; On                 ;
; Ignore translate_off and synthesis_off directives                               ; Off                ; Off                ;
; Timing-Driven Synthesis                                                         ; On                 ; On                 ;
; Report Parameter Settings                                                       ; On                 ; On                 ;
; Report Source Assignments                                                       ; On                 ; On                 ;
; Report Connectivity Checks                                                      ; On                 ; On                 ;
; Ignore Maximum Fan-Out Assignments                                              ; Off                ; Off                ;
; Synchronization Register Chain Length                                           ; 3                  ; 3                  ;
; PowerPlay Power Optimization During Synthesis                                   ; Normal compilation ; Normal compilation ;
; HDL message level                                                               ; Level2             ; Level2             ;
; Suppress Register Optimization Related Messages                                 ; Off                ; Off                ;
; Number of Removed Registers Reported in Synthesis Report                        ; 5000               ; 5000               ;
; Number of Swept Nodes Reported in Synthesis Report                              ; 5000               ; 5000               ;
; Number of Inverted Registers Reported in Synthesis Report                       ; 100                ; 100                ;
; Clock MUX Protection                                                            ; On                 ; On                 ;
; Auto Gated Clock Conversion                                                     ; Off                ; Off                ;
; Block Design Naming                                                             ; Auto               ; Auto               ;
; SDC constraint protection                                                       ; Off                ; Off                ;
; Synthesis Effort                                                                ; Auto               ; Auto               ;
; Shift Register Replacement - Allow Asynchronous Clear Signal                    ; On                 ; On                 ;
; Pre-Mapping Resynthesis Optimization                                            ; Off                ; Off                ;
; Analysis & Synthesis Message Level                                              ; Medium             ; Medium             ;
; Disable Register Merging Across Hierarchies                                     ; Auto               ; Auto               ;
; Resource Aware Inference For Block RAM                                          ; On                 ; On                 ;
; Automatic Parallel Synthesis                                                    ; On                 ; On                 ;
; Partial Reconfiguration Bitstream ID                                            ; Off                ; Off                ;
+---------------------------------------------------------------------------------+--------------------+--------------------+


+------------------------------------------+
; Parallel Compilation                     ;
+----------------------------+-------------+
; Processors                 ; Number      ;
+----------------------------+-------------+
; Number detected on machine ; 14          ;
; Maximum allowed            ; 12          ;
;                            ;             ;
; Average used               ; 1.00        ;
; Maximum used               ; 1           ;
;                            ;             ;
; Usage by Processor         ; % Time Used ;
;     Processor 1            ; 100.0%      ;
+----------------------------+-------------+


+-----------------------------------------------------------------------------------------------------------------------------+
; Analysis & Synthesis Source Files Read                                                                                      ;
+----------------------------------+-----------------+------------------------------+-------------------------------+---------+
; File Name with User-Entered Path ; Used in Netlist ; File Type                    ; File Name with Absolute Path  ; Library ;
+----------------------------------+-----------------+------------------------------+-------------------------------+---------+
; DE1_SoC.sv                       ; yes             ; User SystemVerilog HDL File  ; C:/EE371Labs/Lab 1/DE1_SoC.sv ;         ;
+----------------------------------+-----------------+------------------------------+-------------------------------+---------+


+----------------------------------------------------------------+
; Analysis & Synthesis Resource Usage Summary                    ;
+---------------------------------------------+------------------+
; Resource                                    ; Usage            ;
+---------------------------------------------+------------------+
; Estimate of Logic utilization (ALMs needed) ; 0                ;
;                                             ;                  ;
; Combinational ALUT usage for logic          ; 0                ;
;     -- 7 input functions                    ; 0                ;
;     -- 6 input functions                    ; 0                ;
;     -- 5 input functions                    ; 0                ;
;     -- 4 input functions                    ; 0                ;
;     -- <=3 input functions                  ; 0                ;
;                                             ;                  ;
; Dedicated logic registers                   ; 0                ;
;                                             ;                  ;
; I/O pins                                    ; 89               ;
;                                             ;                  ;
; Total DSP Blocks                            ; 0                ;
;                                             ;                  ;
; Maximum fan-out node                        ; V_GPIO[0]~output ;
; Maximum fan-out                             ; 1                ;
; Total fan-out                               ; 125              ;
; Average fan-out                             ; 0.58             ;
+---------------------------------------------+------------------+


+----------------------------------------------------------------------------------------------------------------------------------------------------------------------------------------+
; Analysis & Synthesis Resource Utilization by Entity                                                                                                                                    ;
+----------------------------+---------------------+---------------------------+-------------------+------------+------+--------------+---------------------+-------------+--------------+
; Compilation Hierarchy Node ; Combinational ALUTs ; Dedicated Logic Registers ; Block Memory Bits ; DSP Blocks ; Pins ; Virtual Pins ; Full Hierarchy Name ; Entity Name ; Library Name ;
+----------------------------+---------------------+---------------------------+-------------------+------------+------+--------------+---------------------+-------------+--------------+
; |DE1_SoC                   ; 0 (0)               ; 0 (0)                     ; 0                 ; 0          ; 89   ; 0            ; |DE1_SoC            ; DE1_SoC     ; work         ;
+----------------------------+---------------------+---------------------------+-------------------+------------+------+--------------+---------------------+-------------+--------------+
Note: For table entries with two numbers listed, the numbers in parentheses indicate the number of resources of the given type used by the specific entity alone. The numbers listed outside of parentheses indicate the total resources of the given type used by the specific entity and all of its sub-entities in the hierarchy.


+------------------------------------------------------+
; General Register Statistics                          ;
+----------------------------------------------+-------+
; Statistic                                    ; Value ;
+----------------------------------------------+-------+
; Total registers                              ; 0     ;
; Number of registers using Synchronous Clear  ; 0     ;
; Number of registers using Synchronous Load   ; 0     ;
; Number of registers using Asynchronous Clear ; 0     ;
; Number of registers using Asynchronous Load  ; 0     ;
; Number of registers using Clock Enable       ; 0     ;
; Number of registers using Preset             ; 0     ;
+----------------------------------------------+-------+


+-----------------------------------------------------+
; Post-Synthesis Netlist Statistics for Top Partition ;
+-----------------------+-----------------------------+
; Type                  ; Count                       ;
+-----------------------+-----------------------------+
; arriav_io_obuf        ; 36                          ;
; arriav_lcell_comb     ; 2                           ;
;     normal            ; 2                           ;
;         0 data inputs ; 2                           ;
; boundary_port         ; 89                          ;
;                       ;                             ;
; Max LUT depth         ; 0.00                        ;
; Average LUT depth     ; 0.00                        ;
+-----------------------+-----------------------------+


+-------------------------------+
; Elapsed Time Per Partition    ;
+----------------+--------------+
; Partition Name ; Elapsed Time ;
+----------------+--------------+
; Top            ; 00:00:00     ;
+----------------+--------------+


+-------------------------------+
; Analysis & Synthesis Messages ;
+-------------------------------+
Info: *******************************************************************
Info: Running Quartus Prime Analysis & Synthesis
    Info: Version 17.0.0 Build 595 04/25/2017 SJ Lite Edition
    Info: Processing started: Wed Apr 09 12:03:33 2025
Info: Command: quartus_map --read_settings_files=on --write_settings_files=off DE1_SoC -c DE1_SoC
Warning (18236): Number of processors has not been specified which may cause overloading on shared machines.  Set the global assignment NUM_PARALLEL_PROCESSORS in your QSF to an appropriate value for best performance.
Info (20030): Parallel compilation is enabled and will use 12 of the 12 processors detected
Info (12021): Found 2 design units, including 2 entities, in source file upcounter.sv
    Info (12023): Found entity 1: upCounter File: C:/EE371Labs/Lab 1/upCounter.sv Line: 2
    Info (12023): Found entity 2: upCounter_testbench File: C:/EE371Labs/Lab 1/upCounter.sv Line: 19
Info (12021): Found 1 design units, including 1 entities, in source file de1_soc_tb.sv
    Info (12023): Found entity 1: DE1_SoC_tb File: C:/EE371Labs/Lab 1/DE1_SoC_tb.sv Line: 2
Info (12021): Found 1 design units, including 1 entities, in source file de1_soc.sv
    Info (12023): Found entity 1: DE1_SoC File: C:/EE371Labs/Lab 1/DE1_SoC.sv Line: 3
Info (12021): Found 1 design units, including 1 entities, in source file clock_divider.sv
    Info (12023): Found entity 1: clock_divider File: C:/EE371Labs/Lab 1/clock_divider.sv Line: 3
Info (12021): Found 1 design units, including 1 entities, in source file car_detecting.sv
    Info (12023): Found entity 1: car_detecting File: C:/EE371Labs/Lab 1/car_detecting.sv Line: 3
Info (12021): Found 1 design units, including 1 entities, in source file car_detecting_tb.sv
    Info (12023): Found entity 1: car_detecting_tb File: C:/EE371Labs/Lab 1/car_detecting_tb.sv Line: 1
Warning (10222): Verilog HDL Parameter Declaration warning at upCounter.sv(26): Parameter Declaration in module "upCounter_testbench" behaves as a Local Parameter Declaration because the module has a Module Parameter Port List File: C:/EE371Labs/Lab 1/upCounter.sv Line: 26
Info (12127): Elaborating entity "DE1_SoC" for the top level hierarchy
Warning (10034): Output port "LEDR" at DE1_SoC.sv(7) has no driver File: C:/EE371Labs/Lab 1/DE1_SoC.sv Line: 7
Warning (13039): The following bidirectional pins have no drivers
    Warning (13040): bidirectional pin "V_GPIO[0]" has no driver File: C:/EE371Labs/Lab 1/DE1_SoC.sv Line: 8
    Warning (13040): bidirectional pin "V_GPIO[1]" has no driver File: C:/EE371Labs/Lab 1/DE1_SoC.sv Line: 8
    Warning (13040): bidirectional pin "V_GPIO[2]" has no driver File: C:/EE371Labs/Lab 1/DE1_SoC.sv Line: 8
    Warning (13040): bidirectional pin "V_GPIO[3]" has no driver File: C:/EE371Labs/Lab 1/DE1_SoC.sv Line: 8
    Warning (13040): bidirectional pin "V_GPIO[4]" has no driver File: C:/EE371Labs/Lab 1/DE1_SoC.sv Line: 8
    Warning (13040): bidirectional pin "V_GPIO[5]" has no driver File: C:/EE371Labs/Lab 1/DE1_SoC.sv Line: 8
    Warning (13040): bidirectional pin "V_GPIO[6]" has no driver File: C:/EE371Labs/Lab 1/DE1_SoC.sv Line: 8
    Warning (13040): bidirectional pin "V_GPIO[7]" has no driver File: C:/EE371Labs/Lab 1/DE1_SoC.sv Line: 8
    Warning (13040): bidirectional pin "V_GPIO[8]" has no driver File: C:/EE371Labs/Lab 1/DE1_SoC.sv Line: 8
    Warning (13040): bidirectional pin "V_GPIO[9]" has no driver File: C:/EE371Labs/Lab 1/DE1_SoC.sv Line: 8
    Warning (13040): bidirectional pin "V_GPIO[10]" has no driver File: C:/EE371Labs/Lab 1/DE1_SoC.sv Line: 8
    Warning (13040): bidirectional pin "V_GPIO[11]" has no driver File: C:/EE371Labs/Lab 1/DE1_SoC.sv Line: 8
    Warning (13040): bidirectional pin "V_GPIO[12]" has no driver File: C:/EE371Labs/Lab 1/DE1_SoC.sv Line: 8
    Warning (13040): bidirectional pin "V_GPIO[13]" has no driver File: C:/EE371Labs/Lab 1/DE1_SoC.sv Line: 8
    Warning (13040): bidirectional pin "V_GPIO[14]" has no driver File: C:/EE371Labs/Lab 1/DE1_SoC.sv Line: 8
    Warning (13040): bidirectional pin "V_GPIO[15]" has no driver File: C:/EE371Labs/Lab 1/DE1_SoC.sv Line: 8
    Warning (13040): bidirectional pin "V_GPIO[16]" has no driver File: C:/EE371Labs/Lab 1/DE1_SoC.sv Line: 8
    Warning (13040): bidirectional pin "V_GPIO[17]" has no driver File: C:/EE371Labs/Lab 1/DE1_SoC.sv Line: 8
    Warning (13040): bidirectional pin "V_GPIO[18]" has no driver File: C:/EE371Labs/Lab 1/DE1_SoC.sv Line: 8
    Warning (13040): bidirectional pin "V_GPIO[19]" has no driver File: C:/EE371Labs/Lab 1/DE1_SoC.sv Line: 8
    Warning (13040): bidirectional pin "V_GPIO[20]" has no driver File: C:/EE371Labs/Lab 1/DE1_SoC.sv Line: 8
    Warning (13040): bidirectional pin "V_GPIO[21]" has no driver File: C:/EE371Labs/Lab 1/DE1_SoC.sv Line: 8
    Warning (13040): bidirectional pin "V_GPIO[22]" has no driver File: C:/EE371Labs/Lab 1/DE1_SoC.sv Line: 8
    Warning (13040): bidirectional pin "V_GPIO[23]" has no driver File: C:/EE371Labs/Lab 1/DE1_SoC.sv Line: 8
    Warning (13040): bidirectional pin "V_GPIO[24]" has no driver File: C:/EE371Labs/Lab 1/DE1_SoC.sv Line: 8
    Warning (13040): bidirectional pin "V_GPIO[25]" has no driver File: C:/EE371Labs/Lab 1/DE1_SoC.sv Line: 8
    Warning (13040): bidirectional pin "V_GPIO[26]" has no driver File: C:/EE371Labs/Lab 1/DE1_SoC.sv Line: 8
    Warning (13040): bidirectional pin "V_GPIO[27]" has no driver File: C:/EE371Labs/Lab 1/DE1_SoC.sv Line: 8
    Warning (13040): bidirectional pin "V_GPIO[28]" has no driver File: C:/EE371Labs/Lab 1/DE1_SoC.sv Line: 8
    Warning (13040): bidirectional pin "V_GPIO[29]" has no driver File: C:/EE371Labs/Lab 1/DE1_SoC.sv Line: 8
    Warning (13040): bidirectional pin "V_GPIO[30]" has no driver File: C:/EE371Labs/Lab 1/DE1_SoC.sv Line: 8
    Warning (13040): bidirectional pin "V_GPIO[31]" has no driver File: C:/EE371Labs/Lab 1/DE1_SoC.sv Line: 8
    Warning (13040): bidirectional pin "V_GPIO[32]" has no driver File: C:/EE371Labs/Lab 1/DE1_SoC.sv Line: 8
    Warning (13040): bidirectional pin "V_GPIO[33]" has no driver File: C:/EE371Labs/Lab 1/DE1_SoC.sv Line: 8
    Warning (13040): bidirectional pin "V_GPIO[34]" has no driver File: C:/EE371Labs/Lab 1/DE1_SoC.sv Line: 8
    Warning (13040): bidirectional pin "V_GPIO[35]" has no driver File: C:/EE371Labs/Lab 1/DE1_SoC.sv Line: 8
Warning (13024): Output pins are stuck at VCC or GND
    Warning (13410): Pin "HEX0[0]" is stuck at VCC File: C:/EE371Labs/Lab 1/DE1_SoC.sv Line: 6
    Warning (13410): Pin "HEX0[1]" is stuck at VCC File: C:/EE371Labs/Lab 1/DE1_SoC.sv Line: 6
    Warning (13410): Pin "HEX0[2]" is stuck at VCC File: C:/EE371Labs/Lab 1/DE1_SoC.sv Line: 6
    Warning (13410): Pin "HEX0[3]" is stuck at VCC File: C:/EE371Labs/Lab 1/DE1_SoC.sv Line: 6
    Warning (13410): Pin "HEX0[4]" is stuck at VCC File: C:/EE371Labs/Lab 1/DE1_SoC.sv Line: 6
    Warning (13410): Pin "HEX0[5]" is stuck at VCC File: C:/EE371Labs/Lab 1/DE1_SoC.sv Line: 6
    Warning (13410): Pin "HEX0[6]" is stuck at VCC File: C:/EE371Labs/Lab 1/DE1_SoC.sv Line: 6
    Warning (13410): Pin "HEX1[0]" is stuck at VCC File: C:/EE371Labs/Lab 1/DE1_SoC.sv Line: 6
    Warning (13410): Pin "HEX1[1]" is stuck at VCC File: C:/EE371Labs/Lab 1/DE1_SoC.sv Line: 6
    Warning (13410): Pin "HEX1[2]" is stuck at VCC File: C:/EE371Labs/Lab 1/DE1_SoC.sv Line: 6
    Warning (13410): Pin "HEX1[3]" is stuck at VCC File: C:/EE371Labs/Lab 1/DE1_SoC.sv Line: 6
    Warning (13410): Pin "HEX1[4]" is stuck at VCC File: C:/EE371Labs/Lab 1/DE1_SoC.sv Line: 6
    Warning (13410): Pin "HEX1[5]" is stuck at VCC File: C:/EE371Labs/Lab 1/DE1_SoC.sv Line: 6
    Warning (13410): Pin "HEX1[6]" is stuck at VCC File: C:/EE371Labs/Lab 1/DE1_SoC.sv Line: 6
    Warning (13410): Pin "HEX2[0]" is stuck at VCC File: C:/EE371Labs/Lab 1/DE1_SoC.sv Line: 6
    Warning (13410): Pin "HEX2[1]" is stuck at VCC File: C:/EE371Labs/Lab 1/DE1_SoC.sv Line: 6
    Warning (13410): Pin "HEX2[2]" is stuck at VCC File: C:/EE371Labs/Lab 1/DE1_SoC.sv Line: 6
    Warning (13410): Pin "HEX2[3]" is stuck at VCC File: C:/EE371Labs/Lab 1/DE1_SoC.sv Line: 6
    Warning (13410): Pin "HEX2[4]" is stuck at VCC File: C:/EE371Labs/Lab 1/DE1_SoC.sv Line: 6
    Warning (13410): Pin "HEX2[5]" is stuck at VCC File: C:/EE371Labs/Lab 1/DE1_SoC.sv Line: 6
    Warning (13410): Pin "HEX2[6]" is stuck at VCC File: C:/EE371Labs/Lab 1/DE1_SoC.sv Line: 6
    Warning (13410): Pin "HEX3[0]" is stuck at VCC File: C:/EE371Labs/Lab 1/DE1_SoC.sv Line: 6
    Warning (13410): Pin "HEX3[1]" is stuck at VCC File: C:/EE371Labs/Lab 1/DE1_SoC.sv Line: 6
    Warning (13410): Pin "HEX3[2]" is stuck at VCC File: C:/EE371Labs/Lab 1/DE1_SoC.sv Line: 6
    Warning (13410): Pin "HEX3[3]" is stuck at VCC File: C:/EE371Labs/Lab 1/DE1_SoC.sv Line: 6
    Warning (13410): Pin "HEX3[4]" is stuck at VCC File: C:/EE371Labs/Lab 1/DE1_SoC.sv Line: 6
    Warning (13410): Pin "HEX3[5]" is stuck at VCC File: C:/EE371Labs/Lab 1/DE1_SoC.sv Line: 6
    Warning (13410): Pin "HEX3[6]" is stuck at VCC File: C:/EE371Labs/Lab 1/DE1_SoC.sv Line: 6
    Warning (13410): Pin "HEX4[0]" is stuck at VCC File: C:/EE371Labs/Lab 1/DE1_SoC.sv Line: 6
    Warning (13410): Pin "HEX4[1]" is stuck at VCC File: C:/EE371Labs/Lab 1/DE1_SoC.sv Line: 6
    Warning (13410): Pin "HEX4[2]" is stuck at VCC File: C:/EE371Labs/Lab 1/DE1_SoC.sv Line: 6
    Warning (13410): Pin "HEX4[3]" is stuck at VCC File: C:/EE371Labs/Lab 1/DE1_SoC.sv Line: 6
    Warning (13410): Pin "HEX4[4]" is stuck at VCC File: C:/EE371Labs/Lab 1/DE1_SoC.sv Line: 6
    Warning (13410): Pin "HEX4[5]" is stuck at VCC File: C:/EE371Labs/Lab 1/DE1_SoC.sv Line: 6
    Warning (13410): Pin "HEX4[6]" is stuck at VCC File: C:/EE371Labs/Lab 1/DE1_SoC.sv Line: 6
    Warning (13410): Pin "HEX5[0]" is stuck at VCC File: C:/EE371Labs/Lab 1/DE1_SoC.sv Line: 6
    Warning (13410): Pin "HEX5[1]" is stuck at VCC File: C:/EE371Labs/Lab 1/DE1_SoC.sv Line: 6
    Warning (13410): Pin "HEX5[2]" is stuck at VCC File: C:/EE371Labs/Lab 1/DE1_SoC.sv Line: 6
    Warning (13410): Pin "HEX5[3]" is stuck at VCC File: C:/EE371Labs/Lab 1/DE1_SoC.sv Line: 6
    Warning (13410): Pin "HEX5[4]" is stuck at VCC File: C:/EE371Labs/Lab 1/DE1_SoC.sv Line: 6
    Warning (13410): Pin "HEX5[5]" is stuck at VCC File: C:/EE371Labs/Lab 1/DE1_SoC.sv Line: 6
    Warning (13410): Pin "HEX5[6]" is stuck at VCC File: C:/EE371Labs/Lab 1/DE1_SoC.sv Line: 6
    Warning (13410): Pin "LEDR[0]" is stuck at GND File: C:/EE371Labs/Lab 1/DE1_SoC.sv Line: 7
    Warning (13410): Pin "LEDR[1]" is stuck at GND File: C:/EE371Labs/Lab 1/DE1_SoC.sv Line: 7
    Warning (13410): Pin "LEDR[2]" is stuck at GND File: C:/EE371Labs/Lab 1/DE1_SoC.sv Line: 7
    Warning (13410): Pin "LEDR[3]" is stuck at GND File: C:/EE371Labs/Lab 1/DE1_SoC.sv Line: 7
    Warning (13410): Pin "LEDR[4]" is stuck at GND File: C:/EE371Labs/Lab 1/DE1_SoC.sv Line: 7
    Warning (13410): Pin "LEDR[5]" is stuck at GND File: C:/EE371Labs/Lab 1/DE1_SoC.sv Line: 7
    Warning (13410): Pin "LEDR[6]" is stuck at GND File: C:/EE371Labs/Lab 1/DE1_SoC.sv Line: 7
    Warning (13410): Pin "LEDR[7]" is stuck at GND File: C:/EE371Labs/Lab 1/DE1_SoC.sv Line: 7
    Warning (13410): Pin "LEDR[8]" is stuck at GND File: C:/EE371Labs/Lab 1/DE1_SoC.sv Line: 7
    Warning (13410): Pin "LEDR[9]" is stuck at GND File: C:/EE371Labs/Lab 1/DE1_SoC.sv Line: 7
Info (144001): Generated suppressed messages file C:/EE371Labs/Lab 1/DE1_SoC.map.smsg
Info (16010): Generating hard_block partition "hard_block:auto_generated_inst"
    Info (16011): Adding 0 node(s), including 0 DDIO, 0 PLL, 0 transceiver and 0 LCELL
Warning (21074): Design contains 1 input pin(s) that do not drive logic
    Warning (15610): No output dependent on input pin "CLOCK_50" File: C:/EE371Labs/Lab 1/DE1_SoC.sv Line: 5
Info (21057): Implemented 89 device resources after synthesis - the final resource count might be different
    Info (21058): Implemented 1 input pins
    Info (21059): Implemented 52 output pins
    Info (21060): Implemented 36 bidirectional pins
Info: Quartus Prime Analysis & Synthesis was successful. 0 errors, 95 warnings
    Info: Peak virtual memory: 4799 megabytes
    Info: Processing ended: Wed Apr 09 12:03:47 2025
    Info: Elapsed time: 00:00:14
    Info: Total CPU time (on all processors): 00:00:28


+------------------------------------------+
; Analysis & Synthesis Suppressed Messages ;
+------------------------------------------+
The suppressed messages can be found in C:/EE371Labs/Lab 1/DE1_SoC.map.smsg.


